#set( $symbol_pound = '#' )
#set( $symbol_dollar = '$' )
#set( $symbol_escape = '\' )
<?xml version="1.0" encoding="UTF-8"?>
<beans xmlns="http://www.springframework.org/schema/beans" xmlns:xsi="http://www.w3.org/2001/XMLSchema-instance"
	xmlns:context="http://www.springframework.org/schema/context" xmlns:jdbc="http://www.springframework.org/schema/jdbc"
	xmlns:util="http://www.springframework.org/schema/util" xmlns:aop="http://www.springframework.org/schema/aop"
	xmlns:tx="http://www.springframework.org/schema/tx"
	xsi:schemaLocation="http://www.springframework.org/schema/beans http://www.springframework.org/schema/beans/spring-beans-3.2.xsd   http://www.springframework.org/schema/context http://www.springframework.org/schema/context/spring-context-3.2.xsd   http://www.springframework.org/schema/jdbc http://www.springframework.org/schema/jdbc/spring-jdbc-3.2.xsd   http://www.springframework.org/schema/util http://www.springframework.org/schema/util/spring-util-3.2.xsd   http://www.springframework.org/schema/tx http://www.springframework.org/schema/tx/spring-tx-3.2.xsd   http://www.springframework.org/schema/aop http://www.springframework.org/schema/aop/spring-aop-3.2.xsd">

	<context:component-scan base-package="${package}" />
	<context:annotation-config />

	<context:property-placeholder location="classpath:spring/test-database.properties" />

	<import resource="classpath:spring/jpa-context.xml" />
	<import resource="classpath:spring/tx-context.xml" />

	<bean id="dataSource" class="com.mchange.v2.c3p0.ComboPooledDataSource" destroy-method="close">
		<property name="driverClass" value="${symbol_dollar}{jdbc.driverClassName}" />
		<property name="jdbcUrl" value="${symbol_dollar}{jdbc.url}" />
		<property name="user" value="${symbol_dollar}{jdbc.username}" />
		<property name="password" value="${symbol_dollar}{jdbc.password}" />
		<property name="acquireIncrement" value="${symbol_dollar}{c3p0.acquire_increment}" />
		<property name="idleConnectionTestPeriod" value="${symbol_dollar}{c3p0.idle_test_period}" />
		<property name="minPoolSize" value="${symbol_dollar}{c3p0.min_size}" />
		<property name="maxPoolSize" value="${symbol_dollar}{c3p0.max_size}" />
		<property name="loginTimeout" value="${symbol_dollar}{c3p0.timeout}" />
		<property name="maxStatements" value="${symbol_dollar}{c3p0.max_statements}" />
	</bean>
</beans>